Build started 9/12/2013 8:40:49 PM.
     1>Project "C:\Users\terrancesmith\Downloads\Angel Engine\Angel-3.1\Angel-3.1\Code\Angel\Libraries\lua-5.2.1\LuaExe.vcxproj" on node 4 (rebuild target(s)).
     1>_PrepareForClean:
         Deleting file "ReleaseExeBuild\_LuaExe.lastbuildstate".
       InitializeBuildStatus:
         Creating "ReleaseExeBuild\_LuaExe.unsuccessfulbuild" because "AlwaysCreate" was specified.
       ClCompile:
         c:\Program Files (x86)\Microsoft Visual Studio 10.0\VC\bin\CL.exe /c /Zi /nologo /W3 /WX- /O2 /Oi /Oy- /GL /D _MBCS /Gm- /EHsc /MD /GS /Gy /fp:precise /Zc:wchar_t /Zc:forScope /Fo"ReleaseExeBuild\\" /Fd"ReleaseExeBuild\vc100.pdb" /Gd /TC /wd4996 /analyze- /errorReport:prompt src\lua.c
         lua.c
       Link:
         c:\Program Files (x86)\Microsoft Visual Studio 10.0\VC\bin\link.exe /ERRORREPORT:PROMPT /OUT:"C:\Users\terrancesmith\Downloads\Angel Engine\Angel-3.1\Angel-3.1\Code\Angel\Libraries\lua-5.2.1\Release\lua.exe" /NOLOGO /LIBPATH:"C:\Users\terrancesmith\Downloads\Angel Engine\Angel-3.1\Angel-3.1\Code\Angel\Libraries\lua-5.2.1\Release\\" Lua.lib kernel32.lib user32.lib gdi32.lib winspool.lib comdlg32.lib advapi32.lib shell32.lib ole32.lib oleaut32.lib uuid.lib odbc32.lib odbccp32.lib /MANIFEST /ManifestFile:"ReleaseExeBuild\lua.exe.intermediate.manifest" /MANIFESTUAC:"level='asInvoker' uiAccess='false'" /DEBUG /PDB:"C:\Users\terrancesmith\Downloads\Angel Engine\Angel-3.1\Angel-3.1\Code\Angel\Libraries\lua-5.2.1\Release\lua.pdb" /OPT:REF /OPT:ICF /LTCG /TLBID:1 /DYNAMICBASE /NXCOMPAT /IMPLIB:"C:\Users\terrancesmith\Downloads\Angel Engine\Angel-3.1\Angel-3.1\Code\Angel\Libraries\lua-5.2.1\Release\lua.lib" /MACHINE:X86 ReleaseExeBuild\lua.obj
         "C:\Users\terrancesmith\Downloads\Angel Engine\Angel-3.1\Angel-3.1\Code\Angel\Libraries\lua-5.2.1\Release\Lua.lib"
     1>LINK : fatal error LNK1181: cannot open input file 'Lua.lib'
     1>Done Building Project "C:\Users\terrancesmith\Downloads\Angel Engine\Angel-3.1\Angel-3.1\Code\Angel\Libraries\lua-5.2.1\LuaExe.vcxproj" (rebuild target(s)) -- FAILED.

Build FAILED.

Time Elapsed 00:00:00.32
